EmergencyLink/app/build/intermediates/manifest_merge_blame_file/debug/manifest-merger-blame-debug-report.txt
1<?xml version="1.0" encoding="utf-8"?>
2<manifest xmlns:android="http://schemas.android.com/apk/res/android"
3    package="com.Avalanche.emergencylinkandroid"
4    android:versionCode="1"
5    android:versionName="1.0" >
6
7    <uses-sdk
8        android:minSdkVersion="21"
8-->src/main/AndroidManifest.xml
9        android:targetSdkVersion="32" />
9-->src/main/AndroidManifest.xml
10
11    <application
11-->src/main/AndroidManifest.xml:6:5-23:19
12        android:allowBackup="true"
12-->src/main/AndroidManifest.xml:7:9-35
13        android:appComponentFactory="androidx.core.app.CoreComponentFactory"
13-->[androidx.core:core:1.7.0] AndroidManifest.xml:24:18-86
14        android:dataExtractionRules="@xml/data_extraction_rules"
14-->src/main/AndroidManifest.xml:8:9-65
15        android:debuggable="true"
16        android:fullBackupContent="@xml/backup_rules"
16-->src/main/AndroidManifest.xml:9:9-54
17        android:icon="@mipmap/ic_launcher"
17-->src/main/AndroidManifest.xml:10:9-43
18        android:label="@string/app_name"
18-->src/main/AndroidManifest.xml:11:9-41
19        android:roundIcon="@mipmap/ic_launcher_round"
19-->src/main/AndroidManifest.xml:12:9-54
20        android:supportsRtl="true"
20-->src/main/AndroidManifest.xml:13:9-35
21        android:testOnly="true"
22        android:theme="@style/Theme.EmergencyLink" >
22-->src/main/AndroidManifest.xml:14:9-51
23        <activity
23-->src/main/AndroidManifest.xml:16:9-19:65
24            android:name="com.Avalanche.emergencylinkandroid.ui.login.loginPage"
24-->src/main/AndroidManifest.xml:17:13-47
25            android:exported="false"
25-->src/main/AndroidManifest.xml:18:13-37
26            android:label="@string/title_activity_login_page" />
26-->src/main/AndroidManifest.xml:19:13-62
27        <activity
27-->src/main/AndroidManifest.xml:20:9-22:40
28            android:name="com.Avalanche.emergencylinkandroid.PageFireFighter"
28-->src/main/AndroidManifest.xml:21:13-44
29            android:exported="false" />
29-->src/main/AndroidManifest.xml:22:13-37
30
31        <provider
31-->[androidx.emoji2:emoji2:1.0.0] AndroidManifest.xml:26:9-34:20
32            android:name="androidx.startup.InitializationProvider"
32-->[androidx.emoji2:emoji2:1.0.0] AndroidManifest.xml:27:13-67
33            android:authorities="com.Avalanche.emergencylinkandroid.androidx-startup"
33-->[androidx.emoji2:emoji2:1.0.0] AndroidManifest.xml:28:13-68
34            android:exported="false" >
34-->[androidx.emoji2:emoji2:1.0.0] AndroidManifest.xml:29:13-37
35            <meta-data
35-->[androidx.emoji2:emoji2:1.0.0] AndroidManifest.xml:31:13-33:52
36                android:name="androidx.emoji2.text.EmojiCompatInitializer"
36-->[androidx.emoji2:emoji2:1.0.0] AndroidManifest.xml:32:17-75
37                android:value="androidx.startup" />
37-->[androidx.emoji2:emoji2:1.0.0] AndroidManifest.xml:33:17-49
38            <meta-data
38-->[androidx.lifecycle:lifecycle-process:2.4.0] AndroidManifest.xml:31:13-33:52
39                android:name="androidx.lifecycle.ProcessLifecycleInitializer"
39-->[androidx.lifecycle:lifecycle-process:2.4.0] AndroidManifest.xml:32:17-78
40                android:value="androidx.startup" />
40-->[androidx.lifecycle:lifecycle-process:2.4.0] AndroidManifest.xml:33:17-49
41        </provider>
42    </application>
43
44</manifest>